<?xml version="1.0" encoding="UTF-8"?>
<testsuite name="com.example.fourdsight.converter.ImageMessageToImageEntityConverterTest" tests="2" skipped="0" failures="0" errors="0" timestamp="2018-09-11T21:20:09" hostname="EVT01279NB" time="0.007">
  <properties/>
  <testcase name="shouldConvertImageMessageToEntity" classname="com.example.fourdsight.converter.ImageMessageToImageEntityConverterTest" time="0.006"/>
  <testcase name="shouldNotConvertImageMessageToEntityWhenMessageIsNull" classname="com.example.fourdsight.converter.ImageMessageToImageEntityConverterTest" time="0.0"/>
  <system-out><![CDATA[]]></system-out>
  <system-err><![CDATA[]]></system-err>
</testsuite>
