<?xml version="1.0" encoding="UTF-8"?>
<testsuite name="com.example.fourdsight.communication.ImageListenerTest" tests="2" skipped="0" failures="0" errors="0" timestamp="2018-09-12T12:24:06" hostname="EVT01279NB" time="0.077">
  <properties/>
  <testcase name="shouldCreateImageWhenMessageIsInvalid" classname="com.example.fourdsight.communication.ImageListenerTest" time="0.043"/>
  <testcase name="shouldCreateImageWhenMessageIsValid" classname="com.example.fourdsight.communication.ImageListenerTest" time="0.031"/>
  <system-out><![CDATA[15:24:06.305 [Test worker] INFO com.example.fourdsight.communication.ImageListener - Message is consumed. Message : Message
15:24:06.324 [Test worker] ERROR com.example.fourdsight.communication.ImageListener - Json parsing exception is occured. Exception message : N/A
15:24:06.366 [Test worker] INFO com.example.fourdsight.communication.ImageListener - Message is consumed. Message : Message
]]></system-out>
  <system-err><![CDATA[]]></system-err>
</testsuite>
