<?xml version="1.0" encoding="UTF-8"?>
<testsuite name="com.example.fourdsight.communication.ImageSenderTest" tests="2" skipped="0" failures="0" errors="0" timestamp="2018-09-12T13:46:26" hostname="EVT01279NB" time="0.0">
  <properties/>
  <testcase name="shouldNotSendMessageWhenImageIsNotvalid" classname="com.example.fourdsight.communication.ImageSenderTest" time="0.0"/>
  <testcase name="shouldSendMessageToQueue" classname="com.example.fourdsight.communication.ImageSenderTest" time="0.0"/>
  <system-out><![CDATA[16:46:26.252 [Test worker] INFO com.example.fourdsight.communication.ImageSender - Message is arrived : null
16:46:26.252 [Test worker] ERROR com.example.fourdsight.communication.ImageSender - Message is not valid!
16:46:26.252 [Test worker] INFO com.example.fourdsight.communication.ImageSender - Message is arrived : ImageMessage(url=https://www.google.com)
]]></system-out>
  <system-err><![CDATA[]]></system-err>
</testsuite>
