<?xml version="1.0" encoding="UTF-8"?>
<testsuite name="com.example.fourdsight.communication.ImageSenderTest" tests="2" skipped="0" failures="0" errors="0" timestamp="2018-09-11T16:35:35" hostname="EVT01279NB" time="0.004">
  <properties/>
  <testcase name="shouldNotSendMessageWhenImageIsNotvalid" classname="com.example.fourdsight.communication.ImageSenderTest" time="0.001"/>
  <testcase name="shouldSendMessageToQueue" classname="com.example.fourdsight.communication.ImageSenderTest" time="0.001"/>
  <system-out><![CDATA[19:35:35.212 [Test worker] INFO com.example.fourdsight.communication.ImageSender - Message is arrived : null
19:35:35.212 [Test worker] ERROR com.example.fourdsight.communication.ImageSender - Message is not valid!
19:35:35.215 [Test worker] INFO com.example.fourdsight.communication.ImageSender - Message is arrived : ImageMessage(url=https://www.google.com)
]]></system-out>
  <system-err><![CDATA[]]></system-err>
</testsuite>
