<?xml version="1.0" encoding="UTF-8"?>
<testsuite name="com.example.fourdsight.service.UrlValidatorServiceTest" tests="2" skipped="0" failures="0" errors="0" timestamp="2018-09-12T13:46:26" hostname="EVT01279NB" time="0.0">
  <properties/>
  <testcase name="shouldBeValidWhenUrlIsCorrect" classname="com.example.fourdsight.service.UrlValidatorServiceTest" time="0.0"/>
  <testcase name="shouldNotBeValidWhenUrlIsIncorrect" classname="com.example.fourdsight.service.UrlValidatorServiceTest" time="0.0"/>
  <system-out><![CDATA[16:46:26.390 [Test worker] ERROR com.example.fourdsight.service.UrlValidatorService - Invalid url with exception message :no protocol: httpw.google.com
]]></system-out>
  <system-err><![CDATA[]]></system-err>
</testsuite>
