<?xml version="1.0" encoding="UTF-8"?>
<testsuite name="com.example.fourdsight.communication.ImageListenerTest" tests="2" skipped="0" failures="0" errors="0" timestamp="2018-09-11T16:35:34" hostname="EVT01279NB" time="0.044">
  <properties/>
  <testcase name="shouldCreateImageWhenMessageIsInvalid" classname="com.example.fourdsight.communication.ImageListenerTest" time="0.038"/>
  <testcase name="shouldCreateImageWhenMessageIsValid" classname="com.example.fourdsight.communication.ImageListenerTest" time="0.002"/>
  <system-out><![CDATA[19:35:34.941 [Test worker] INFO com.example.fourdsight.communication.ImageListener - Message is handled : Message
19:35:34.954 [Test worker] ERROR com.example.fourdsight.communication.ImageListener - Json parsing exception is occured. Exception message : N/A
19:35:34.966 [Test worker] INFO com.example.fourdsight.communication.ImageListener - Message is handled : Message
]]></system-out>
  <system-err><![CDATA[]]></system-err>
</testsuite>
